<?xml version="1.0" encoding="UTF-8"?>
<testsuite name="io.sixhours.analysis.AppTest" tests="1" skipped="0" failures="0" errors="0" timestamp="2018-09-19T12:14:23" hostname="Mladens-MBP.lan" time="0.001">
  <properties/>
  <testcase name="testAppHasAGreeting" classname="io.sixhours.analysis.AppTest" time="0.001"/>
  <system-out><![CDATA[]]></system-out>
  <system-err><![CDATA[]]></system-err>
</testsuite>
